<?xml version="1.0" encoding="UTF-8"?>
<!-- Generated by org.testng.reporters.JUnitReportReporter -->
<testsuite hostname="Satyajeet" failures="0" tests="1" name="test.MovieTitleValidationTest" time="71.341" errors="0" timestamp="25 Oct 2022 06:51:14 GMT" skipped="0">
  <testcase classname="test.MovieTitleValidationTest" name="movieValidityTest" time="71.341"/>
</testsuite> <!-- test.MovieTitleValidationTest -->
