<?xml version="1.0" encoding="UTF-8"?>
<!-- Generated by org.testng.reporters.JUnitReportReporter -->
<testsuite hostname="Satyajeet" failures="0" tests="1" name="test.MovieTitleValidationTest" time="168.028" errors="0" timestamp="24 Oct 2022 07:17:55 GMT" skipped="0">
  <testcase classname="test.MovieTitleValidationTest" name="ValidityTest" time="168.028"/>
</testsuite> <!-- test.MovieTitleValidationTest -->
