<?xml version="1.0" encoding="UTF-8"?>
<!-- Generated by org.testng.reporters.JUnitReportReporter -->
<testsuite hostname="Satyajeet" failures="0" tests="1" name="tests.MovieTitleValidationTest" time="97.553" errors="0" timestamp="23 Oct 2022 15:39:22 GMT" skipped="0">
  <testcase classname="tests.MovieTitleValidationTest" name="ValidityTest" time="97.553"/>
</testsuite> <!-- tests.MovieTitleValidationTest -->
