<?xml version="1.0" encoding="UTF-8"?>
<!-- Generated by org.testng.reporters.JUnitReportReporter -->
<testsuite hostname="Satyajeet" failures="0" tests="1" name="tests.PushpaValidation" time="63.531" errors="0" timestamp="23 Oct 2022 14:37:57 GMT" skipped="0">
  <testcase classname="tests.PushpaValidation" name="ValidityTest" time="63.531"/>
</testsuite> <!-- tests.PushpaValidation -->
