<?xml version="1.0" encoding="UTF-8"?>
<!-- Generated by org.testng.reporters.JUnitReportReporter -->
<testsuite hostname="Satyajeet" failures="0" tests="1" name="test.MovieTitleValidationTest" time="61.785" errors="0" timestamp="26 Oct 2022 08:17:20 GMT" skipped="0">
  <testcase classname="test.MovieTitleValidationTest" name="movieValidityTest" time="61.785"/>
</testsuite> <!-- test.MovieTitleValidationTest -->
