<?xml version="1.0" encoding="UTF-8"?>
<!-- Generated by org.testng.reporters.JUnitReportReporter -->
<testsuite hostname="Satyajeet" failures="0" tests="1" name="tests.PushpaValidation" time="84.803" errors="0" timestamp="23 Oct 2022 13:21:48 GMT" skipped="0">
  <testcase classname="tests.PushpaValidation" name="ValidityTest" time="84.803"/>
</testsuite> <!-- tests.PushpaValidation -->
